SF:lib\models\shortcut_key.dart
DA:22,2
DA:30,0
DA:31,0
DA:33,0
DA:35,1
DA:38,1
DA:39,1
DA:40,1
DA:41,1
DA:42,1
DA:43,1
DA:47,1
DA:48,2
LF:13
LH:10
end_of_record
SF:lib\models\shortcut_key.g.dart
DA:9,0
DA:10,0
DA:11,0
DA:12,0
DA:13,0
DA:14,0
DA:17,0
DA:18,0
DA:19,0
DA:20,0
DA:21,0
DA:22,0
DA:23,0
LF:13
LH:0
end_of_record
SF:lib\providers\permissions_provider.dart
DA:22,1
DA:39,1
DA:54,1
DA:55,0
DA:56,1
DA:57,1
DA:58,1
DA:59,1
DA:60,1
DA:61,1
DA:62,1
DA:63,1
DA:64,1
DA:65,1
DA:66,1
DA:67,1
DA:76,1
DA:77,2
DA:80,1
DA:81,2
DA:83,3
DA:89,2
DA:91,1
DA:93,3
DA:94,1
DA:97,1
DA:98,2
DA:99,2
DA:102,3
DA:109,0
DA:112,0
DA:114,0
DA:120,1
DA:121,2
DA:123,3
DA:129,2
DA:131,1
DA:133,3
DA:134,1
DA:137,1
DA:138,2
DA:139,2
DA:142,3
DA:149,0
DA:152,0
DA:154,0
DA:160,0
DA:161,0
DA:163,0
DA:169,0
DA:171,0
DA:173,0
DA:174,0
DA:176,0
DA:182,0
DA:185,0
DA:187,0
DA:193,0
DA:194,0
DA:196,0
DA:202,0
DA:204,0
DA:206,0
DA:207,0
DA:209,0
DA:215,0
DA:218,0
DA:220,0
DA:226,1
DA:227,3
DA:233,3
DA:235,1
DA:236,1
DA:239,4
DA:242,3
DA:243,2
DA:245,3
DA:256,0
DA:259,0
DA:261,0
DA:268,1
DA:269,3
DA:275,3
DA:277,1
DA:278,1
DA:281,4
DA:282,3
DA:283,1
DA:286,3
DA:287,2
DA:289,3
DA:300,0
DA:303,0
DA:305,0
DA:312,1
DA:313,3
DA:319,2
DA:321,3
DA:323,7
DA:326,3
DA:327,1
DA:330,4
DA:332,3
DA:344,0
DA:347,0
DA:349,0
DA:356,0
DA:357,0
DA:363,0
DA:365,0
DA:366,0
DA:369,0
DA:370,0
DA:371,0
DA:374,0
DA:375,0
DA:377,0
DA:385,0
DA:388,0
DA:390,0
DA:397,0
DA:398,0
DA:404,0
DA:406,0
DA:407,0
DA:410,0
DA:411,0
DA:412,0
DA:415,0
DA:416,0
DA:418,0
DA:426,0
DA:429,0
DA:431,0
DA:438,0
DA:440,0
DA:442,0
DA:449,0
DA:450,0
DA:454,0
DA:458,0
DA:459,0
DA:465,0
DA:467,0
DA:469,0
DA:470,0
DA:474,0
DA:476,0
DA:478,0
DA:485,0
DA:488,0
DA:490,0
DA:497,1
DA:498,1
DA:499,0
DA:502,1
DA:503,4
DA:504,3
DA:505,3
DA:506,3
DA:507,1
DA:511,0
DA:512,0
DA:513,0
DA:516,0
DA:517,0
DA:518,0
DA:519,0
DA:520,0
DA:521,0
DA:522,0
DA:526,0
DA:527,0
DA:533,0
DA:535,0
DA:537,0
DA:538,0
DA:540,0
DA:545,0
DA:548,0
DA:550,0
DA:556,0
DA:557,0
DA:563,0
DA:565,0
DA:566,0
DA:569,0
DA:570,0
DA:571,0
DA:573,0
DA:580,0
DA:583,0
DA:585,0
DA:592,0
DA:593,0
DA:599,0
DA:600,0
DA:601,0
DA:604,0
DA:606,0
DA:608,0
DA:609,0
DA:612,0
DA:613,0
DA:614,0
DA:616,0
DA:623,0
DA:626,0
DA:628,0
DA:636,4
DA:637,2
DA:638,1
DA:642,0
DA:643,0
DA:644,0
DA:646,0
DA:650,0
DA:651,0
DA:652,0
DA:654,0
LF:220
LH:79
end_of_record
SF:lib\models\permissions\permission_model.dart
DA:16,1
DA:32,1
DA:33,1
DA:34,1
DA:35,1
DA:36,1
DA:37,1
DA:38,1
DA:39,1
DA:40,2
DA:41,1
DA:42,1
DA:43,1
DA:44,1
DA:45,1
DA:50,1
DA:51,1
DA:52,1
DA:53,1
DA:54,1
DA:55,1
DA:56,1
DA:57,1
DA:58,1
DA:59,1
DA:60,1
DA:61,1
DA:62,1
DA:63,1
DA:67,0
DA:70,0
DA:71,0
DA:72,0
DA:73,0
DA:74,0
DA:75,0
DA:76,0
DA:77,0
DA:78,0
DA:79,0
DA:80,0
DA:81,0
DA:82,0
DA:85,0
DA:87,0
DA:88,0
DA:89,0
DA:90,0
DA:91,0
DA:92,0
DA:93,0
DA:94,0
DA:95,0
DA:96,0
DA:97,0
DA:98,0
DA:99,0
DA:104,0
DA:118,0
DA:119,0
DA:120,0
DA:121,0
DA:122,0
DA:123,0
DA:124,0
DA:125,0
DA:126,0
DA:127,0
DA:128,0
DA:129,0
DA:130,0
DA:146,1
DA:158,1
DA:159,1
DA:160,1
DA:161,1
DA:162,1
DA:163,1
DA:164,2
DA:165,1
DA:166,1
DA:167,1
DA:172,1
DA:173,1
DA:174,1
DA:175,1
DA:176,1
DA:177,1
DA:178,1
DA:179,1
DA:180,1
DA:181,1
DA:185,0
DA:188,0
DA:189,0
DA:190,0
DA:191,0
DA:192,0
DA:193,0
DA:194,0
DA:195,0
DA:196,0
DA:199,0
DA:201,0
DA:202,0
DA:203,0
DA:204,0
DA:205,0
DA:206,0
DA:207,0
DA:208,0
DA:209,0
DA:214,1
DA:224,1
DA:225,1
DA:226,1
DA:227,1
DA:228,0
DA:229,1
DA:230,1
DA:231,1
DA:232,1
DA:246,0
DA:256,0
DA:257,0
DA:258,0
DA:259,0
DA:260,0
DA:261,0
DA:262,0
DA:263,0
DA:268,0
DA:269,0
DA:270,0
DA:271,0
DA:272,0
DA:273,0
DA:274,0
DA:275,0
DA:279,0
DA:282,0
DA:283,0
DA:284,0
DA:285,0
DA:286,0
DA:287,0
DA:288,0
DA:291,0
DA:293,0
DA:294,0
DA:295,0
DA:296,0
DA:297,0
DA:298,0
DA:299,0
DA:318,0
DA:333,0
DA:334,0
DA:335,0
DA:336,0
DA:337,0
DA:338,0
DA:339,0
DA:340,0
DA:341,0
DA:342,0
DA:343,0
DA:344,0
DA:345,0
DA:350,0
DA:351,0
DA:352,0
DA:353,0
DA:354,0
DA:355,0
DA:356,0
DA:357,0
DA:358,0
DA:359,0
DA:360,0
DA:361,0
DA:362,0
LF:182
LH:59
end_of_record
SF:lib\services\api_service.dart
DA:13,1
DA:14,1
DA:17,1
DA:18,2
DA:19,0
DA:20,0
DA:21,0
DA:22,0
DA:24,0
DA:26,0
DA:27,0
DA:29,0
DA:30,0
DA:35,0
DA:36,0
DA:37,0
DA:38,0
DA:39,0
DA:40,0
DA:42,0
DA:47,0
DA:50,0
DA:51,0
DA:52,0
DA:53,0
DA:54,0
DA:55,0
DA:56,0
DA:57,0
DA:62,0
DA:63,0
DA:64,0
DA:65,0
DA:66,0
DA:67,0
DA:68,0
DA:69,0
DA:70,0
DA:72,0
DA:76,0
DA:78,0
DA:82,0
DA:83,0
DA:84,0
DA:88,0
DA:89,0
DA:90,0
DA:93,0
DA:95,0
DA:96,0
DA:97,0
DA:98,0
DA:102,0
DA:104,0
DA:108,0
DA:109,0
DA:110,0
DA:114,0
DA:116,0
DA:120,0
DA:121,0
DA:122,0
DA:127,0
DA:129,0
DA:133,0
DA:134,0
DA:135,0
DA:139,0
DA:141,0
DA:142,0
DA:143,0
DA:144,0
DA:148,0
DA:150,0
DA:151,0
DA:152,0
DA:153,0
DA:157,0
DA:159,0
DA:160,0
DA:161,0
DA:162,0
DA:166,0
DA:168,0
DA:169,0
DA:170,0
DA:171,0
DA:175,0
DA:177,0
DA:178,0
DA:179,0
DA:180,0
DA:184,0
DA:186,0
DA:187,0
DA:188,0
DA:189,0
DA:193,0
DA:195,0
DA:198,0
DA:199,0
DA:200,0
DA:204,0
DA:206,0
DA:207,0
DA:208,0
DA:209,0
DA:213,0
DA:215,0
DA:216,0
DA:217,0
DA:218,0
DA:222,0
DA:224,0
DA:225,0
DA:226,0
DA:227,0
DA:231,0
DA:233,0
DA:234,0
DA:235,0
DA:236,0
DA:240,0
DA:242,0
DA:245,0
DA:246,0
DA:247,0
DA:252,0
DA:253,0
DA:254,0
DA:258,0
DA:260,0
DA:264,0
DA:265,0
DA:266,0
DA:270,0
DA:272,0
DA:276,0
DA:277,0
DA:278,0
DA:282,0
DA:284,0
DA:288,0
DA:289,0
DA:290,0
DA:294,0
DA:296,0
DA:300,0
DA:301,0
DA:302,0
DA:306,0
DA:308,0
DA:309,0
DA:310,0
DA:311,0
DA:315,0
DA:317,0
DA:318,0
DA:319,0
DA:320,0
DA:324,0
DA:326,0
DA:327,0
DA:328,0
DA:329,0
DA:333,0
DA:335,0
DA:336,0
DA:337,0
DA:338,0
DA:343,0
DA:345,0
DA:346,0
DA:347,0
DA:348,0
DA:349,0
DA:350,0
DA:352,0
DA:353,0
DA:356,0
DA:359,0
DA:360,0
DA:361,0
DA:365,0
DA:369,0
DA:373,0
DA:374,0
DA:387,0
DA:389,0
DA:390,0
DA:391,0
DA:392,0
DA:396,0
DA:398,0
DA:399,0
DA:400,0
DA:401,0
DA:408,0
DA:410,0
DA:411,0
DA:412,0
DA:413,0
DA:417,0
DA:419,0
DA:420,0
DA:421,0
DA:422,0
DA:426,0
DA:428,0
DA:429,0
DA:430,0
DA:431,0
DA:435,0
DA:437,0
DA:438,0
DA:439,0
DA:440,0
DA:444,0
DA:446,0
DA:447,0
DA:448,0
DA:449,0
DA:454,0
DA:456,0
DA:460,0
DA:461,0
DA:462,0
DA:466,0
DA:468,0
DA:469,0
DA:470,0
DA:471,0
DA:475,0
DA:477,0
DA:478,0
DA:479,0
DA:480,0
DA:484,0
DA:486,0
DA:487,0
DA:488,0
DA:489,0
DA:493,0
DA:495,0
DA:496,0
DA:497,0
DA:498,0
DA:503,0
DA:505,0
DA:506,0
DA:507,0
DA:508,0
DA:512,0
DA:514,0
DA:515,0
DA:516,0
DA:517,0
DA:521,0
DA:523,0
DA:524,0
DA:525,0
DA:526,0
DA:530,0
DA:532,0
DA:535,0
DA:536,0
DA:537,0
DA:541,0
DA:543,0
DA:546,0
DA:547,0
DA:548,0
DA:553,0
DA:555,0
DA:556,0
DA:557,0
DA:558,0
DA:562,0
DA:564,0
DA:568,0
DA:569,0
DA:570,0
DA:574,0
DA:576,0
DA:577,0
DA:578,0
DA:579,0
DA:583,0
DA:585,0
DA:586,0
DA:587,0
DA:588,0
DA:592,0
DA:594,0
DA:595,0
DA:596,0
DA:597,0
DA:601,0
DA:603,0
DA:604,0
DA:605,0
DA:607,0
DA:608,0
DA:609,0
DA:613,0
DA:615,0
DA:616,0
DA:617,0
DA:619,0
DA:620,0
DA:621,0
DA:625,0
DA:627,0
DA:628,0
DA:629,0
DA:630,0
DA:634,0
DA:636,0
DA:637,0
DA:638,0
DA:639,0
DA:643,0
DA:645,0
DA:646,0
DA:647,0
DA:648,0
DA:652,0
DA:654,0
DA:655,0
DA:656,0
DA:657,0
DA:661,0
DA:663,0
DA:664,0
DA:665,0
DA:666,0
DA:670,0
DA:672,0
DA:673,0
DA:674,0
DA:675,0
DA:679,0
DA:681,0
DA:682,0
DA:683,0
DA:684,0
DA:688,0
DA:690,0
DA:691,0
DA:692,0
DA:693,0
DA:697,0
DA:699,0
DA:700,0
DA:701,0
DA:705,0
DA:707,0
DA:708,0
DA:709,0
DA:710,0
DA:714,0
DA:716,0
DA:717,0
DA:718,0
DA:719,0
DA:723,0
DA:725,0
DA:726,0
DA:727,0
DA:728,0
DA:732,0
DA:734,0
DA:735,0
DA:736,0
DA:737,0
DA:741,0
DA:743,0
DA:744,0
DA:745,0
DA:749,0
DA:751,0
DA:752,0
DA:753,0
DA:754,0
DA:758,0
DA:760,0
DA:761,0
DA:762,0
DA:763,0
DA:767,0
DA:769,0
DA:770,0
DA:771,0
DA:772,0
DA:776,0
DA:778,0
DA:779,0
DA:780,0
DA:781,0
DA:785,0
DA:787,0
DA:788,0
DA:789,0
DA:793,0
DA:795,0
DA:796,0
DA:797,0
DA:798,0
DA:802,0
DA:804,0
DA:805,0
DA:806,0
DA:807,0
DA:811,0
DA:813,0
DA:814,0
DA:815,0
DA:816,0
DA:820,0
DA:822,0
DA:823,0
DA:824,0
DA:825,0
DA:829,0
DA:831,0
DA:832,0
DA:833,0
DA:837,0
DA:839,0
DA:840,0
DA:841,0
DA:842,0
DA:846,0
DA:848,0
DA:849,0
DA:850,0
DA:851,0
DA:855,0
DA:857,0
DA:858,0
DA:859,0
DA:860,0
DA:864,0
DA:866,0
DA:867,0
DA:868,0
DA:869,0
DA:873,0
DA:875,0
DA:876,0
DA:877,0
DA:881,0
DA:883,0
DA:885,0
DA:887,0
DA:888,0
DA:889,0
DA:890,0
DA:894,0
DA:896,0
DA:897,0
DA:898,0
DA:899,0
DA:903,0
DA:905,0
DA:906,0
DA:907,0
DA:908,0
DA:912,0
DA:919,0
DA:920,0
DA:921,0
DA:922,0
DA:923,0
DA:924,0
DA:925,0
DA:926,0
DA:927,0
DA:931,0
DA:933,0
DA:934,0
DA:935,0
DA:936,0
DA:940,0
DA:942,0
DA:943,0
DA:944,0
DA:945,0
DA:949,0
DA:951,0
DA:952,0
DA:953,0
DA:954,0
DA:958,0
DA:960,0
DA:961,0
DA:962,0
DA:966,0
DA:968,0
DA:969,0
DA:970,0
DA:971,0
DA:972,0
DA:973,0
DA:977,0
DA:979,0
DA:980,0
DA:981,0
DA:982,0
DA:986,0
DA:988,0
DA:989,0
DA:990,0
DA:991,0
DA:995,0
DA:997,0
DA:998,0
DA:999,0
DA:1000,0
DA:1004,0
DA:1006,0
DA:1009,0
DA:1010,0
DA:1011,0
DA:1015,0
DA:1021,0
DA:1025,0
DA:1026,0
DA:1027,0
DA:1028,0
DA:1029,0
DA:1033,0
DA:1039,0
DA:1043,0
DA:1044,0
DA:1045,0
DA:1046,0
DA:1047,0
DA:1051,0
DA:1057,0
DA:1061,0
DA:1062,0
DA:1063,0
DA:1064,0
DA:1065,0
DA:1069,0
DA:1071,0
DA:1074,0
DA:1075,0
DA:1076,0
DA:1081,0
DA:1082,0
DA:1083,0
DA:1084,0
DA:1085,0
DA:1086,0
DA:1089,0
DA:1090,0
DA:1092,0
DA:1098,0
DA:1100,0
DA:1103,0
DA:1110,3
DA:1111,0
DA:1112,0
LF:565
LH:5
end_of_record
SF:lib\models\settings\setting_item.dart
DA:18,0
DA:20,0
DA:22,0
DA:24,0
DA:26,0
DA:28,0
DA:30,0
DA:32,0
DA:34,0
DA:60,0
DA:79,0
DA:81,0
DA:82,0
DA:83,0
DA:84,0
DA:89,0
DA:90,0
DA:91,0
DA:92,0
DA:93,0
DA:98,0
DA:99,0
DA:100,0
DA:102,0
DA:104,0
DA:112,0
DA:113,0
DA:114,0
DA:116,0
DA:118,0
DA:125,0
DA:126,0
DA:127,0
DA:128,0
DA:129,0
DA:130,0
DA:131,0
DA:132,0
DA:133,0
DA:134,0
DA:135,0
DA:136,0
DA:137,0
DA:138,0
DA:139,0
DA:140,0
DA:145,0
DA:146,0
DA:147,0
DA:148,0
DA:149,0
DA:150,0
DA:151,0
DA:152,0
DA:153,0
DA:154,0
DA:155,0
DA:156,0
DA:157,0
DA:158,0
DA:159,0
DA:160,0
DA:161,0
DA:166,0
DA:183,0
DA:184,0
DA:185,0
DA:186,0
DA:187,0
DA:188,0
DA:189,0
DA:190,0
DA:191,0
DA:192,0
DA:193,0
DA:194,0
DA:195,0
DA:196,0
DA:197,0
DA:198,0
DA:202,0
DA:205,0
DA:206,0
DA:207,0
DA:208,0
DA:209,0
DA:210,0
DA:211,0
DA:212,0
DA:213,0
DA:214,0
DA:215,0
DA:216,0
DA:217,0
DA:218,0
DA:219,0
DA:220,0
DA:223,0
DA:225,0
DA:226,0
DA:227,0
DA:228,0
DA:229,0
DA:230,0
DA:231,0
DA:232,0
DA:233,0
DA:234,0
DA:235,0
DA:236,0
DA:237,0
DA:238,0
DA:239,0
DA:240,0
LF:114
LH:0
end_of_record
SF:lib\providers\shortcut_key_provider.dart
DA:9,0
DA:11,0
DA:12,0
DA:13,0
DA:19,0
DA:28,0
DA:30,0
DA:33,0
DA:34,0
DA:35,0
DA:36,0
DA:37,0
DA:38,0
DA:39,0
DA:40,0
DA:41,0
DA:43,0
DA:44,0
DA:48,0
DA:51,0
DA:53,0
DA:54,0
DA:55,0
DA:56,0
DA:60,0
DA:62,0
DA:63,0
DA:67,0
DA:69,0
DA:72,0
DA:73,0
DA:74,0
DA:75,0
DA:76,0
DA:77,0
DA:78,0
DA:81,0
DA:83,0
DA:86,0
DA:89,0
DA:90,0
DA:91,0
DA:92,0
DA:93,0
DA:94,0
DA:101,0
DA:106,0
DA:108,0
DA:109,0
DA:110,0
DA:113,0
DA:115,0
DA:118,0
DA:121,0
DA:122,0
DA:123,0
DA:124,0
DA:125,0
DA:126,0
DA:133,0
DA:138,0
DA:140,0
DA:141,0
DA:144,0
DA:146,0
DA:149,0
DA:152,0
DA:157,0
DA:162,0
DA:163,0
DA:164,0
DA:171,0
DA:173,0
DA:179,1
DA:180,2
DA:181,2
DA:182,3
DA:189,1
DA:191,4
DA:197,0
DA:199,0
DA:200,0
DA:201,0
DA:205,0
DA:210,0
DA:212,0
DA:214,0
DA:215,0
DA:218,0
DA:221,0
DA:226,0
DA:232,0
DA:233,0
DA:234,0
LF:94
LH:6
end_of_record
SF:lib\utils\storage.dart
DA:8,0
DA:9,0
DA:10,0
DA:21,0
DA:23,0
DA:24,0
DA:27,0
DA:34,0
DA:36,0
DA:40,0
DA:42,0
DA:46,0
DA:48,0
DA:52,0
DA:53,0
DA:57,0
DA:58,0
DA:59,0
DA:66,0
DA:67,0
DA:71,0
DA:72,0
DA:73,0
DA:77,0
DA:78,0
DA:82,0
DA:83,0
DA:87,0
DA:88,0
DA:92,0
DA:93,0
DA:97,0
DA:98,0
DA:102,0
DA:103,0
DA:104,0
DA:105,0
DA:111,0
DA:112,0
DA:116,0
DA:117,0
DA:121,0
DA:122,0
DA:126,0
DA:127,0
DA:128,0
DA:129,0
DA:133,0
DA:135,0
DA:136,0
DA:137,0
DA:138,0
DA:139,0
DA:141,0
DA:144,0
DA:150,0
DA:152,0
DA:155,0
DA:161,0
DA:163,0
DA:165,0
DA:167,0
DA:169,0
DA:170,0
DA:175,0
DA:177,0
DA:178,0
DA:180,0
DA:186,0
DA:188,0
DA:189,0
DA:191,0
DA:192,0
DA:194,0
DA:195,0
LF:75
LH:0
end_of_record
SF:lib\services\config_service.dart
DA:6,0
DA:7,0
DA:8,0
DA:14,0
DA:15,0
DA:18,0
DA:19,0
DA:23,0
DA:25,0
DA:28,0
DA:32,0
DA:34,0
DA:35,0
DA:37,0
DA:41,0
DA:42,0
DA:44,0
DA:48,0
DA:50,0
DA:53,0
DA:57,0
DA:59,0
DA:60,0
DA:62,0
DA:66,0
DA:68,0
DA:71,0
DA:75,0
DA:77,0
DA:78,0
DA:80,0
DA:84,0
DA:86,0
DA:89,0
DA:93,0
DA:95,0
DA:96,0
DA:98,0
DA:102,0
DA:104,0
DA:107,0
DA:111,0
DA:113,0
DA:114,0
DA:116,0
DA:120,0
DA:122,0
DA:125,0
DA:129,0
DA:131,0
DA:132,0
DA:134,0
DA:138,0
DA:140,0
DA:141,0
DA:143,0
DA:148,0
DA:149,0
DA:151,0
DA:152,0
DA:158,0
DA:159,0
DA:160,0
DA:164,0
DA:165,0
DA:166,0
LF:66
LH:0
end_of_record
SF:lib\services\auth_service.dart
DA:19,0
DA:22,1
DA:40,1
DA:42,3
DA:47,0
DA:48,0
DA:49,0
DA:52,0
DA:53,0
DA:55,0
DA:56,0
DA:62,0
DA:69,0
DA:71,0
DA:74,0
DA:80,0
DA:85,0
DA:87,0
DA:88,0
DA:92,0
DA:94,0
DA:96,0
DA:97,0
DA:98,0
DA:101,0
DA:102,0
DA:104,0
DA:105,0
DA:111,0
DA:115,0
DA:116,0
DA:117,0
DA:122,0
DA:124,0
DA:126,0
DA:127,0
DA:129,0
DA:132,0
DA:133,0
DA:134,0
DA:135,0
DA:144,0
DA:145,0
DA:146,0
DA:149,0
DA:150,0
DA:160,0
DA:161,0
LF:48
LH:3
end_of_record
SF:lib\models\auth\user.dart
DA:21,0
DA:37,0
DA:39,0
LF:3
LH:0
end_of_record
SF:lib\models\auth\user.g.dart
DA:9,0
DA:10,0
DA:11,0
DA:12,0
DA:13,0
DA:14,0
DA:15,0
DA:16,0
DA:17,0
DA:18,0
DA:20,0
DA:21,0
DA:22,0
DA:23,0
DA:26,0
DA:27,0
DA:28,0
DA:29,0
DA:30,0
DA:31,0
DA:32,0
DA:33,0
DA:34,0
DA:35,0
DA:36,0
DA:37,0
DA:38,0
DA:39,0
LF:28
LH:0
end_of_record
SF:lib\models\auth\employee.dart
DA:13,0
DA:24,0
DA:25,0
DA:26,0
DA:27,0
DA:28,0
DA:29,0
DA:30,0
DA:31,0
DA:32,0
DA:33,0
DA:37,0
DA:38,0
DA:39,0
DA:40,0
DA:41,0
DA:42,0
DA:43,0
DA:44,0
DA:45,0
DA:46,0
DA:50,0
DA:58,0
DA:59,0
DA:61,0
DA:62,0
DA:69,0
DA:73,0
DA:74,0
DA:75,0
LF:30
LH:0
end_of_record
SF:lib\services\password_service.dart
DA:7,0
DA:8,0
DA:9,0
DA:14,0
DA:15,0
DA:16,0
DA:17,0
DA:18,0
DA:21,0
DA:23,0
DA:24,0
DA:25,0
DA:26,0
DA:27,0
DA:33,0
DA:34,0
DA:35,0
DA:36,0
DA:37,0
DA:42,0
DA:43,0
DA:44,0
DA:46,0
DA:47,0
DA:48,0
DA:50,0
DA:51,0
DA:52,0
DA:54,0
DA:55,0
DA:56,0
DA:63,0
DA:64,0
DA:65,0
DA:66,0
DA:67,0
DA:68,0
DA:72,0
DA:73,0
DA:78,0
DA:79,0
DA:82,0
DA:86,0
LF:43
LH:0
end_of_record
SF:lib\providers\auth_provider.dart
DA:14,1
DA:21,0
DA:27,0
DA:28,0
DA:29,0
DA:30,0
DA:31,0
DA:40,0
DA:41,0
DA:44,0
DA:45,0
DA:46,0
DA:52,0
DA:58,0
DA:66,0
DA:67,0
DA:72,0
DA:73,0
DA:76,0
DA:79,0
DA:80,0
DA:89,0
DA:90,0
DA:91,0
DA:92,0
DA:93,0
DA:94,0
DA:95,0
DA:96,0
DA:97,0
DA:102,0
DA:106,0
DA:107,0
DA:109,0
DA:121,0
DA:124,0
DA:125,0
DA:137,0
DA:141,0
DA:142,0
DA:144,0
DA:155,0
DA:157,0
DA:160,0
DA:162,0
DA:163,0
DA:169,0
DA:171,0
DA:180,0
DA:183,0
DA:190,0
DA:192,0
DA:197,0
DA:200,0
DA:204,0
DA:207,0
DA:214,0
DA:215,0
DA:216,0
DA:218,0
DA:221,0
DA:232,0
DA:233,0
DA:234,0
DA:235,0
LF:65
LH:1
end_of_record
SF:lib\utils\http_client.dart
DA:14,0
DA:16,0
DA:18,0
DA:28,0
DA:29,0
DA:31,0
DA:33,0
DA:37,0
DA:39,0
DA:40,0
DA:41,0
DA:42,0
DA:43,0
DA:45,0
DA:50,0
DA:51,0
DA:53,0
DA:55,0
DA:56,0
DA:57,0
DA:58,0
DA:60,0
DA:62,0
DA:64,0
DA:66,0
DA:67,0
DA:68,0
DA:69,0
DA:70,0
DA:73,0
DA:76,0
DA:77,0
DA:80,0
DA:82,0
DA:83,0
DA:84,0
DA:88,0
DA:93,0
DA:100,0
DA:101,0
DA:102,0
DA:106,0
DA:113,0
DA:114,0
DA:124,0
DA:133,0
DA:134,0
DA:146,0
DA:155,0
DA:156,0
DA:168,0
DA:175,0
DA:176,0
DA:186,0
DA:195,0
DA:196,0
DA:208,0
DA:217,0
DA:218,0
DA:222,0
DA:232,0
DA:240,0
DA:241,0
DA:252,0
DA:253,0
LF:65
LH:0
end_of_record
